TN:
SF:frontend/src/ts/components/button/button.ts
FN:5,<instance_members_initializer>
FN:13,ProjectButton
FN:17,createRenderRoot
FN:21,render
FNF:4
FNH:4
FNDA:1,<instance_members_initializer>
FNDA:1,ProjectButton
FNDA:1,createRenderRoot
FNDA:1,render
DA:1,1
DA:2,1
DA:3,1
DA:4,1
DA:5,1
DA:6,1
DA:7,1
DA:8,1
DA:9,1
DA:10,1
DA:11,1
DA:12,1
DA:13,1
DA:14,1
DA:15,1
DA:16,1
DA:17,1
DA:18,1
DA:19,1
DA:20,1
DA:21,1
DA:22,1
DA:23,1
DA:24,1
DA:25,1
DA:26,1
DA:27,1
DA:28,1
DA:29,1
DA:30,1
DA:31,1
DA:32,1
DA:33,1
DA:34,1
DA:35,1
DA:36,1
LF:36
LH:36
BRDA:5,0,0,1
BRDA:13,1,0,1
BRDA:17,2,0,1
BRDA:21,3,0,1
BRF:4
BRH:4
end_of_record
TN:
SF:frontend/src/ts/components/input/input.ts
FN:7,<instance_members_initializer>
FN:15,get value
FN:29,InputButton
FN:33,createRenderRoot
FN:37,#renderPostFix
FN:56,#renderPrefix
FN:66,#renderLabel
FN:79,render
FNF:8
FNH:8
FNDA:1,<instance_members_initializer>
FNDA:1,get value
FNDA:1,InputButton
FNDA:1,createRenderRoot
FNDA:1,#renderPostFix
FNDA:1,#renderPrefix
FNDA:1,#renderLabel
FNDA:1,render
DA:1,1
DA:2,1
DA:3,1
DA:4,1
DA:5,1
DA:6,1
DA:7,1
DA:8,1
DA:9,1
DA:10,1
DA:11,1
DA:12,1
DA:13,1
DA:14,1
DA:15,1
DA:16,1
DA:17,1
DA:18,1
DA:19,1
DA:20,1
DA:21,1
DA:22,1
DA:23,1
DA:24,1
DA:25,1
DA:26,1
DA:27,1
DA:28,1
DA:29,1
DA:30,1
DA:31,1
DA:32,1
DA:33,1
DA:34,1
DA:35,1
DA:36,1
DA:37,1
DA:38,1
DA:39,1
DA:40,1
DA:41,1
DA:42,1
DA:43,1
DA:44,1
DA:45,1
DA:46,1
DA:47,1
DA:48,1
DA:49,1
DA:50,1
DA:51,1
DA:52,1
DA:53,1
DA:54,1
DA:55,1
DA:56,1
DA:57,1
DA:58,1
DA:59,1
DA:60,1
DA:61,1
DA:62,1
DA:63,1
DA:64,1
DA:65,1
DA:66,1
DA:67,1
DA:68,1
DA:69,1
DA:70,1
DA:71,1
DA:72,1
DA:73,1
DA:74,1
DA:75,1
DA:76,1
DA:77,1
DA:78,1
DA:79,1
DA:80,1
DA:81,1
DA:82,1
DA:83,1
DA:84,1
DA:85,1
DA:86,1
DA:87,1
DA:88,1
DA:89,1
DA:90,1
DA:91,1
DA:92,1
DA:93,1
DA:94,1
DA:95,1
DA:96,1
DA:97,1
DA:98,1
DA:99,1
DA:100,1
DA:101,1
LF:101
LH:101
BRDA:7,0,0,1
BRDA:15,1,0,1
BRDA:29,2,0,1
BRDA:33,3,0,1
BRDA:37,4,0,1
BRDA:49,5,0,1
BRDA:56,6,0,1
BRDA:66,7,0,1
BRDA:79,8,0,1
BRF:9
BRH:9
end_of_record
TN:
SF:frontend/src/ts/utilities/text/text.ts
FN:1,capitalize
FNF:1
FNH:1
FNDA:2,capitalize
DA:1,2
DA:2,2
DA:3,2
DA:4,2
LF:4
LH:4
BRDA:1,0,0,2
BRF:1
BRH:1
end_of_record
